2020-07-15 11:08:30,022 -  nornir.core -     INFO -        run() - Running task 'netmiko_send_command' with args {'command_string': 'ping 169.254.224.11'} on 14 hosts
2020-07-15 11:09:45,646 - nornir.core.task -    ERROR -      start() - Host 'NEXUS-2': task 'netmiko_send_command' failed with traceback:
Traceback (most recent call last):
  File "/Users/stephenamaki/Dropbox/netdevops/venv_nornir/lib/python3.8/site-packages/netmiko/base_connection.py", line 884, in establish_connection
    self.remote_conn_pre.connect(**ssh_connect_params)
  File "/Users/stephenamaki/Dropbox/netdevops/venv_nornir/lib/python3.8/site-packages/paramiko/client.py", line 349, in connect
    retry_on_signal(lambda: sock.connect(addr))
  File "/Users/stephenamaki/Dropbox/netdevops/venv_nornir/lib/python3.8/site-packages/paramiko/util.py", line 283, in retry_on_signal
    return function()
  File "/Users/stephenamaki/Dropbox/netdevops/venv_nornir/lib/python3.8/site-packages/paramiko/client.py", line 349, in <lambda>
    retry_on_signal(lambda: sock.connect(addr))
TimeoutError: [Errno 60] Operation timed out

During handling of the above exception, another exception occurred:

Traceback (most recent call last):
  File "/Users/stephenamaki/Dropbox/netdevops/venv_nornir/lib/python3.8/site-packages/nornir/core/task.py", line 85, in start
    r = self.task(self, **self.params)
  File "/Users/stephenamaki/Dropbox/netdevops/venv_nornir/lib/python3.8/site-packages/nornir/plugins/tasks/networking/netmiko_send_command.py", line 26, in netmiko_send_command
    net_connect = task.host.get_connection("netmiko", task.nornir.config)
  File "/Users/stephenamaki/Dropbox/netdevops/venv_nornir/lib/python3.8/site-packages/nornir/core/inventory.py", line 294, in get_connection
    self.open_connection(
  File "/Users/stephenamaki/Dropbox/netdevops/venv_nornir/lib/python3.8/site-packages/nornir/core/inventory.py", line 345, in open_connection
    self.connections[connection].open(
  File "/Users/stephenamaki/Dropbox/netdevops/venv_nornir/lib/python3.8/site-packages/nornir/plugins/connections/netmiko.py", line 58, in open
    self.connection = ConnectHandler(**parameters)
  File "/Users/stephenamaki/Dropbox/netdevops/venv_nornir/lib/python3.8/site-packages/netmiko/ssh_dispatcher.py", line 246, in ConnectHandler
    return ConnectionClass(*args, **kwargs)
  File "/Users/stephenamaki/Dropbox/netdevops/venv_nornir/lib/python3.8/site-packages/netmiko/base_connection.py", line 317, in __init__
    self._open()
  File "/Users/stephenamaki/Dropbox/netdevops/venv_nornir/lib/python3.8/site-packages/netmiko/base_connection.py", line 322, in _open
    self.establish_connection()
  File "/Users/stephenamaki/Dropbox/netdevops/venv_nornir/lib/python3.8/site-packages/netmiko/base_connection.py", line 890, in establish_connection
    raise NetMikoTimeoutException(msg)
netmiko.ssh_exception.NetMikoTimeoutException: Connection to device timed-out: cisco_ios 169.254.224.84:22

2020-07-15 11:10:16,251 - nornir.core.task -    ERROR -      start() - Host 'vMX-1': task 'netmiko_send_command' failed with traceback:
Traceback (most recent call last):
  File "/Users/stephenamaki/Dropbox/netdevops/venv_nornir/lib/python3.8/site-packages/nornir/core/task.py", line 85, in start
    r = self.task(self, **self.params)
  File "/Users/stephenamaki/Dropbox/netdevops/venv_nornir/lib/python3.8/site-packages/nornir/plugins/tasks/networking/netmiko_send_command.py", line 32, in netmiko_send_command
    result = net_connect.send_command(command_string, **kwargs)
  File "/Users/stephenamaki/Dropbox/netdevops/venv_nornir/lib/python3.8/site-packages/netmiko/base_connection.py", line 1335, in send_command
    raise IOError(
OSError: Search pattern never detected in send_command_expect: admin@vMX\-1>

2020-07-15 11:10:16,251 - nornir.core.task -    ERROR -      start() - Host 'vMX-2': task 'netmiko_send_command' failed with traceback:
Traceback (most recent call last):
  File "/Users/stephenamaki/Dropbox/netdevops/venv_nornir/lib/python3.8/site-packages/nornir/core/task.py", line 85, in start
    r = self.task(self, **self.params)
  File "/Users/stephenamaki/Dropbox/netdevops/venv_nornir/lib/python3.8/site-packages/nornir/plugins/tasks/networking/netmiko_send_command.py", line 32, in netmiko_send_command
    result = net_connect.send_command(command_string, **kwargs)
  File "/Users/stephenamaki/Dropbox/netdevops/venv_nornir/lib/python3.8/site-packages/netmiko/base_connection.py", line 1335, in send_command
    raise IOError(
OSError: Search pattern never detected in send_command_expect: admin@vMX\-2>

2020-07-15 11:11:10,517 -  nornir.core -     INFO -        run() - Running task 'netmiko_send_command' with args {'command_string': 'ping 169.254.224.11'} on 5 hosts
2020-07-15 11:11:16,180 -  nornir.core -     INFO -        run() - Running task 'netmiko_send_command' with args {'command_string': 'ping 169.254.224.12'} on 5 hosts
2020-07-15 11:11:16,796 -  nornir.core -     INFO -        run() - Running task 'netmiko_send_command' with args {'command_string': 'ping 169.254.224.13'} on 5 hosts
2020-07-15 11:11:17,410 -  nornir.core -     INFO -        run() - Running task 'netmiko_send_command' with args {'command_string': 'ping 169.254.224.14'} on 5 hosts
2020-07-15 11:11:34,164 -  nornir.core -     INFO -        run() - Running task 'netmiko_send_command' with args {'command_string': 'ping 169.254.224.11'} on 5 hosts
2020-07-15 11:11:39,816 -  nornir.core -     INFO -        run() - Running task 'netmiko_send_command' with args {'command_string': 'ping 169.254.224.12'} on 5 hosts
2020-07-15 11:11:40,635 -  nornir.core -     INFO -        run() - Running task 'netmiko_send_command' with args {'command_string': 'ping 169.254.224.13'} on 5 hosts
2020-07-15 11:11:41,250 -  nornir.core -     INFO -        run() - Running task 'netmiko_send_command' with args {'command_string': 'ping 169.254.224.14'} on 5 hosts
2020-07-15 11:11:41,870 -  nornir.core -     INFO -        run() - Running task 'netmiko_send_command' with args {'command_string': 'ping 169.254.224.15'} on 5 hosts
2020-07-15 11:28:52,849 -  nornir.core -     INFO -        run() - Running task 'netmiko_send_command' with args {'command_string': 'ping 169.254.224.4'} on 5 hosts
2020-07-15 11:28:58,493 -  nornir.core -     INFO -        run() - Running task 'netmiko_send_command' with args {'command_string': 'ping 169.254.224.5'} on 5 hosts
2020-07-15 11:28:59,110 -  nornir.core -     INFO -        run() - Running task 'netmiko_send_command' with args {'command_string': 'ping 169.254.224.2'} on 5 hosts
2020-07-15 11:28:59,720 -  nornir.core -     INFO -        run() - Running task 'netmiko_send_command' with args {'command_string': 'ping 169.254.224.3'} on 5 hosts
2020-07-15 11:29:00,337 -  nornir.core -     INFO -        run() - Running task 'netmiko_send_command' with args {'command_string': 'ping 169.254.224.11'} on 5 hosts
2020-07-15 11:29:00,954 -  nornir.core -     INFO -        run() - Running task 'netmiko_send_command' with args {'command_string': 'ping 169.254.224.12'} on 5 hosts
2020-07-15 11:29:01,569 -  nornir.core -     INFO -        run() - Running task 'netmiko_send_command' with args {'command_string': 'ping 169.254.224.13'} on 5 hosts
2020-07-15 11:29:02,184 -  nornir.core -     INFO -        run() - Running task 'netmiko_send_command' with args {'command_string': 'ping 169.254.224.14'} on 5 hosts
2020-07-15 11:29:02,795 -  nornir.core -     INFO -        run() - Running task 'netmiko_send_command' with args {'command_string': 'ping 169.254.224.15'} on 5 hosts
2020-07-15 11:29:03,411 -  nornir.core -     INFO -        run() - Running task 'netmiko_send_command' with args {'command_string': 'ping 169.254.224.81'} on 5 hosts
2020-07-15 11:29:13,940 -  nornir.core -     INFO -        run() - Running task 'netmiko_send_command' with args {'command_string': 'ping 169.254.224.82'} on 5 hosts
2020-07-15 11:29:24,483 -  nornir.core -     INFO -        run() - Running task 'netmiko_send_command' with args {'command_string': 'ping 169.254.224.83'} on 5 hosts
2020-07-15 11:29:25,098 -  nornir.core -     INFO -        run() - Running task 'netmiko_send_command' with args {'command_string': 'ping 169.254.224.84'} on 5 hosts
2020-07-15 11:29:25,709 -  nornir.core -     INFO -        run() - Running task 'netmiko_send_command' with args {'command_string': 'ping 169.254.224.85'} on 5 hosts
2020-07-15 11:29:26,324 -  nornir.core -     INFO -        run() - Running task 'netmiko_send_command' with args {'command_string': 'ping 169.254.224.86'} on 5 hosts
2020-07-15 11:29:26,937 -  nornir.core -     INFO -        run() - Running task 'netmiko_send_command' with args {'command_string': 'ping 169.254.224.87'} on 5 hosts
2020-07-15 11:29:27,753 -  nornir.core -     INFO -        run() - Running task 'netmiko_send_command' with args {'command_string': 'ping 192.168.224.103'} on 5 hosts
2020-07-15 11:29:29,175 -  nornir.core -     INFO -        run() - Running task 'netmiko_send_command' with args {'command_string': 'ping 192.168.224.104'} on 5 hosts
2020-07-15 11:30:23,873 -  nornir.core -     INFO -        run() - Running task 'netmiko_send_command' with args {'command_string': 'ping 169.254.224.4'} on 5 hosts
2020-07-15 11:30:29,561 -  nornir.core -     INFO -        run() - Running task 'netmiko_send_command' with args {'command_string': 'ping 169.254.224.5'} on 5 hosts
2020-07-15 11:30:30,172 -  nornir.core -     INFO -        run() - Running task 'netmiko_send_command' with args {'command_string': 'ping 169.254.224.2'} on 5 hosts
2020-07-15 11:30:30,786 -  nornir.core -     INFO -        run() - Running task 'netmiko_send_command' with args {'command_string': 'ping 169.254.224.3'} on 5 hosts
2020-07-15 11:30:31,404 -  nornir.core -     INFO -        run() - Running task 'netmiko_send_command' with args {'command_string': 'ping 169.254.224.11'} on 5 hosts
2020-07-15 11:30:32,017 -  nornir.core -     INFO -        run() - Running task 'netmiko_send_command' with args {'command_string': 'ping 169.254.224.12'} on 5 hosts
2020-07-15 11:30:32,631 -  nornir.core -     INFO -        run() - Running task 'netmiko_send_command' with args {'command_string': 'ping 169.254.224.13'} on 5 hosts
2020-07-15 11:30:33,244 -  nornir.core -     INFO -        run() - Running task 'netmiko_send_command' with args {'command_string': 'ping 169.254.224.14'} on 5 hosts
2020-07-15 11:30:33,862 -  nornir.core -     INFO -        run() - Running task 'netmiko_send_command' with args {'command_string': 'ping 169.254.224.15'} on 5 hosts
2020-07-15 11:30:34,472 -  nornir.core -     INFO -        run() - Running task 'netmiko_send_command' with args {'command_string': 'ping 169.254.224.83'} on 5 hosts
2020-07-15 11:30:35,088 -  nornir.core -     INFO -        run() - Running task 'netmiko_send_command' with args {'command_string': 'ping 169.254.224.84'} on 5 hosts
2020-07-15 11:30:35,705 -  nornir.core -     INFO -        run() - Running task 'netmiko_send_command' with args {'command_string': 'ping 169.254.224.85'} on 5 hosts
2020-07-15 11:30:36,322 -  nornir.core -     INFO -        run() - Running task 'netmiko_send_command' with args {'command_string': 'ping 169.254.224.86'} on 5 hosts
2020-07-15 11:30:36,940 -  nornir.core -     INFO -        run() - Running task 'netmiko_send_command' with args {'command_string': 'ping 169.254.224.87'} on 5 hosts
2020-07-15 11:31:38,196 -  nornir.core -     INFO -        run() - Running task 'netmiko_send_command' with args {'command_string': 'ping 169.254.224.4'} on 5 hosts
2020-07-15 11:31:43,752 -  nornir.core -     INFO -        run() - Running task 'netmiko_send_command' with args {'command_string': 'ping 169.254.224.5'} on 5 hosts
2020-07-15 11:31:44,364 -  nornir.core -     INFO -        run() - Running task 'netmiko_send_command' with args {'command_string': 'ping 169.254.224.2'} on 5 hosts
2020-07-15 11:31:44,979 -  nornir.core -     INFO -        run() - Running task 'netmiko_send_command' with args {'command_string': 'ping 169.254.224.3'} on 5 hosts
2020-07-15 11:31:45,590 -  nornir.core -     INFO -        run() - Running task 'netmiko_send_command' with args {'command_string': 'ping 169.254.224.11'} on 5 hosts
2020-07-15 11:31:46,204 -  nornir.core -     INFO -        run() - Running task 'netmiko_send_command' with args {'command_string': 'ping 169.254.224.12'} on 5 hosts
2020-07-15 11:31:46,821 -  nornir.core -     INFO -        run() - Running task 'netmiko_send_command' with args {'command_string': 'ping 169.254.224.13'} on 5 hosts
2020-07-15 11:31:47,435 -  nornir.core -     INFO -        run() - Running task 'netmiko_send_command' with args {'command_string': 'ping 169.254.224.14'} on 5 hosts
2020-07-15 11:31:48,044 -  nornir.core -     INFO -        run() - Running task 'netmiko_send_command' with args {'command_string': 'ping 169.254.224.15'} on 5 hosts
2020-07-15 11:31:48,654 -  nornir.core -     INFO -        run() - Running task 'netmiko_send_command' with args {'command_string': 'ping 169.254.224.83'} on 5 hosts
2020-07-15 11:31:49,269 -  nornir.core -     INFO -        run() - Running task 'netmiko_send_command' with args {'command_string': 'ping 169.254.224.84'} on 5 hosts
2020-07-15 11:31:49,879 -  nornir.core -     INFO -        run() - Running task 'netmiko_send_command' with args {'command_string': 'ping 169.254.224.85'} on 5 hosts
2020-07-15 11:31:50,495 -  nornir.core -     INFO -        run() - Running task 'netmiko_send_command' with args {'command_string': 'ping 169.254.224.86'} on 5 hosts
2020-07-15 11:31:51,104 -  nornir.core -     INFO -        run() - Running task 'netmiko_send_command' with args {'command_string': 'ping 169.254.224.87'} on 5 hosts
2020-07-15 11:31:52,128 -  nornir.core -     INFO -        run() - Running task 'netmiko_send_command' with args {'command_string': 'ping 169.254.224.100'} on 5 hosts
